Build started 7/26/2014 10:43:17 PM.
     1>Project "D:\Mastermind\Mastermind\Mastermind.vcxproj" on node 2 (build target(s)).
     1>InitializeBuildStatus:
         Creating "Debug\Mastermind.unsuccessfulbuild" because "AlwaysCreate" was specified.
       ClCompile:
         All outputs are up-to-date.
         C:\Program Files (x86)\Microsoft Visual Studio 10.0\VC\bin\CL.exe /c /ZI /nologo /W3 /WX- /Od /Oy- /D WIN32 /D _DEBUG /D _CONSOLE /D _UNICODE /D UNICODE /Gm /EHsc /RTC1 /MDd /GS /fp:precise /Zc:wchar_t /Zc:forScope /Yu"StdAfx.h" /Fp"Debug\Mastermind.pch" /Fo"Debug\\" /Fd"Debug\vc100.pdb" /Gd /TP /analyze- /errorReport:prompt Mastermind.cpp
         Mastermind.cpp
     1>d:\mastermind\mastermind\mastermind.cpp(10): warning C4101: 'answer' : unreferenced local variable
       ManifestResourceCompile:
         All outputs are up-to-date.
       Link:
         C:\Program Files (x86)\Microsoft Visual Studio 10.0\VC\bin\link.exe /ERRORREPORT:PROMPT /OUT:"D:\Mastermind\Debug\Mastermind.exe" /INCREMENTAL /NOLOGO kernel32.lib user32.lib gdi32.lib winspool.lib comdlg32.lib advapi32.lib shell32.lib ole32.lib oleaut32.lib uuid.lib odbc32.lib odbccp32.lib /MANIFEST /ManifestFile:"Debug\Mastermind.exe.intermediate.manifest" /MANIFESTUAC:"level='asInvoker' uiAccess='false'" /DEBUG /PDB:"D:\Mastermind\Debug\Mastermind.pdb" /SUBSYSTEM:CONSOLE /TLBID:1 /DYNAMICBASE /NXCOMPAT /IMPLIB:"D:\Mastermind\Debug\Mastermind.lib" /MACHINE:X86 Debug\Mastermind.exe.embed.manifest.res
         Debug\Mastermind.obj
         Debug\stdafx.obj
       Manifest:
         C:\Program Files (x86)\Microsoft SDKs\Windows\v7.0A\bin\mt.exe /nologo /verbose /out:"Debug\Mastermind.exe.embed.manifest" /manifest Debug\Mastermind.exe.intermediate.manifest
         All outputs are up-to-date.
       LinkEmbedManifest:
         All outputs are up-to-date.
         Mastermind.vcxproj -> D:\Mastermind\Debug\Mastermind.exe
       FinalizeBuildStatus:
         Deleting file "Debug\Mastermind.unsuccessfulbuild".
         Touching "Debug\Mastermind.lastbuildstate".
     1>Done Building Project "D:\Mastermind\Mastermind\Mastermind.vcxproj" (build target(s)).

Build succeeded.

Time Elapsed 00:00:13.34
